Galactic Center Survey Progress
19 grid points from galcenter
targetId	TotalMHz	MinFreqMHz	MaxFreqMHz
32001	208.9	6,767.0	6,966.9
32002	208.9	6,767.0	6,966.9
32003	208.9	6,767.0	6,966.9
32004	208.9	6,767.0	6,966.9
32009	208.9	6,767.0	6,966.9
32010	208.9	6,767.0	6,966.9
32011	208.9	6,767.0	6,966.9
32012	208.9	6,767.0	6,966.9
32016	208.9	6,767.0	6,966.9
32018	208.9	6,767.0	6,966.9
32019	413.7	6,767.0	6,966.9
From galcenter2
targetId	TotalMHz	MinFreqMHz	MaxFreqMHz
32001	208.9	6,767.0	6,966.9
32002	208.9	6,767.0	6,966.9
32003	208.9	6,767.0	6,966.9
32004	208.9	6,767.0	6,966.9
32009	208.9	6,767.0	6,966.9
32010	208.9	6,767.0	6,966.9
32011	208.9	6,767.0	6,966.9
32012	208.9	6,767.0	6,966.9
32016	208.9	6,767.0	6,966.9
32018	208.9	6,767.0	6,966.9
32019	413.7	6,767.0	6,966.9
Kepler Habital Zone Progress
From kepler6667mhz
targetId	TotalMHz	MinFreqMHz	MaxFreqMHz
150002	208.9	6,567.0	6,766.9
150003	208.9	6,567.0	6,766.9
150007	208.1	6,567.0	6,766.9
150010	208.9	6,567.0	6,766.9
150015	208.9	6,567.0	6,766.9
150018	154.8	6,567.0	6,766.1
150020	208.9	6,567.0	6,766.9
150021	208.9	6,567.0	6,766.9
150022	208.9	6,567.0	6,766.9
150026	208.9	6,567.0	6,766.9
150028	208.9	6,567.0	6,766.9
150032	208.9	6,567.0	6,766.9
150035	357.2	6,567.0	6,766.9
150040	208.9	6,567.0	6,766.9
150041	208.9	6,567.0	6,766.9
150042	208.9	6,567.0	6,766.9
150047	208.9	6,567.0	6,766.9
150048	208.9	6,567.0	6,766.9
150050	208.9	6,567.0	6,766.9
150053	199.1	6,567.0	6,766.9
150056	208.9	6,567.0	6,766.9
150058	208.9	6,567.0	6,766.9
150060	208.9	6,567.0	6,766.9
150062	208.9	6,567.0	6,766.9
150064	208.9	6,567.0	6,766.9
150066	208.9	6,567.0	6,766.9
150067	208.9	6,567.0	6,766.9
150068	208.9	6,567.0	6,766.9
150072	208.9	6,567.0	6,766.9
150075	208.1	6,567.0	6,766.9
150076	208.9	6,567.0	6,766.9
150080	626.7	6,567.0	6,766.9
150081	208.1	6,567.0	6,766.9
150082	286.7	6,567.0	6,766.9
150083	208.9	6,567.0	6,766.9
150084	208.9	6,567.0	6,766.9
150085	196.6	6,567.0	6,766.9
150086	366.2	6,567.0	6,766.9
150087	208.9	6,567.0	6,766.9
150088	208.9	6,567.0	6,766.9
150089	204.0	6,567.0	6,766.9
150090	156.5	6,567.0	6,766.1
150091	181.9	6,567.0	6,763.6
150092	208.9	6,567.0	6,766.9
150093	208.9	6,567.0	6,766.9
150094	228.6	6,567.0	6,766.9
150095	208.9	6,567.0	6,766.9
150096	208.9	6,567.0	6,766.9
150097	208.9	6,567.0	6,766.9
150098	208.9	6,567.0	6,766.9
150099	208.1	6,567.0	6,766.9
150100	208.9	6,567.0	6,766.9
150101	208.9	6,567.0	6,766.9
150102	385.8	6,567.0	6,766.9
From kepler6867mhz
targetId	TotalMHz	MinFreqMHz	MaxFreqMHz
150002	208.1	6,767.0	6,966.9
150003	208.9	6,767.0	6,966.9
150007	208.9	6,767.0	6,966.9
150010	199.1	6,767.0	6,966.9
150015	208.1	6,767.0	6,966.9
150018	208.1	6,767.0	6,966.9
150020	208.9	6,767.0	6,966.9
150021	207.3	6,767.0	6,966.1
150022	207.3	6,767.0	6,966.1
150026	208.9	6,767.0	6,966.9
150028	208.1	6,767.0	6,966.9
150032	208.9	6,767.0	6,966.9
150035	208.9	6,767.0	6,966.9
150040	208.9	6,767.0	6,966.9
150041	208.1	6,767.0	6,966.9
150042	204.0	6,767.0	6,966.9
150047	208.1	6,767.0	6,966.9
150048	208.9	6,767.0	6,966.9
150050	208.9	6,767.0	6,966.9
150053	203.2	6,767.0	6,966.9
150056	204.8	6,767.0	6,966.9
150058	208.9	6,767.0	6,966.9
150060	208.9	6,767.0	6,966.9
150062	208.9	6,767.0	6,966.9
150064	208.9	6,767.0	6,966.9
150066	208.9	6,767.0	6,966.9
150067	208.9	6,767.0	6,966.9
150068	208.9	6,767.0	6,966.9
150072	208.9	6,767.0	6,966.9
150075	208.9	6,767.0	6,966.9
150076	208.9	6,767.0	6,966.9
150080	208.9	6,767.0	6,966.9
150081	208.9	6,767.0	6,966.9
150082	207.3	6,767.0	6,966.9
150083	208.9	6,767.0	6,966.9
150084	208.9	6,767.0	6,966.9
150085	208.9	6,767.0	6,966.9
150086	208.9	6,767.0	6,966.9
150087	208.9	6,767.0	6,966.9
150088	208.9	6,767.0	6,966.9
150089	208.9	6,767.0	6,966.9
150090	208.9	6,767.0	6,966.9
150091	208.9	6,767.0	6,966.9
150092	208.9	6,767.0	6,966.9
150093	208.9	6,767.0	6,966.9
150094	208.9	6,767.0	6,966.9
150095	208.9	6,767.0	6,966.9
150096	208.9	6,767.0	6,966.9
150097	208.9	6,767.0	6,966.9
150098	208.9	6,767.0	6,966.9
150099	208.9	6,767.0	6,966.9
150100	208.9	6,767.0	6,966.9
150101	208.1	6,767.0	6,966.9
150102	208.1	6,767.0	6,966.9
From kepler8960mhz
targetId	TotalMHz	MinFreqMHz	MaxFreqMHz
150002	83.6	8,920.0	8,999.5
150003	83.6	8,920.0	8,999.5
150007	83.6	8,920.0	8,999.5
150010	83.6	8,920.0	8,999.5
150015	83.6	8,920.0	8,999.5
150018	83.6	8,920.0	8,999.5
150020	83.6	8,920.0	8,999.5
150021	82.7	8,920.0	8,999.5
150022	83.6	8,920.0	8,999.5
150026	83.6	8,920.0	8,999.5
150028	82.7	8,920.0	8,999.5
150032	83.6	8,920.0	8,999.5
150035	39.3	8,920.0	8,957.7
150042	83.6	8,920.0	8,999.5
150053	83.6	8,920.0	8,999.5
150086	83.6	8,920.0	8,999.5
150088	83.6	8,920.0	8,999.5
150097	83.6	8,920.0	8,999.5
From kepler8ghz
targetId	TotalMHz	MinFreqMHz	MaxFreqMHz
150002	2,203.6	1,419.6	8,919.5
150003	2,174.2	1,419.6	8,919.5
150007	2,037.4	1,419.6	8,919.5
150010	2,137.3	1,419.6	8,919.5
150015	2,022.6	1,419.6	8,919.5
150018	2,084.9	1,419.6	8,919.5
150020	2,014.4	1,419.6	8,919.5
150021	2,049.6	6,745.0	8,919.5
150022	1,971.8	6,745.0	8,919.5
150026	1,885.8	6,895.0	8,919.5
150028	1,876.8	6,895.0	8,919.5
150032	1,880.9	6,895.0	8,919.5
150035	1,909.6	6,895.0	8,919.5
150040	1,885.8	6,895.0	8,919.5
150041	1,833.4	1,419.6	8,919.5
150042	2,017.7	6,745.0	8,919.5
150047	1,866.1	6,745.0	8,919.5
150048	1,933.3	6,745.0	8,919.5
150050	1,848.9	6,895.0	8,919.5
150053	2,153.7	6,745.0	8,919.5
150056	1,866.1	6,895.0	8,919.5
150058	1,839.1	6,895.0	8,919.5
150060	1,771.9	6,895.0	8,919.5
150062	1,727.7	6,895.0	8,919.5
150064	1,534.4	6,895.0	8,919.5
150066	1,527.0	6,895.0	8,919.5
150067	1,529.4	6,895.0	8,919.5
150068	1,450.0	6,895.0	8,919.5
150072	1,454.1	6,895.0	8,919.5
150075	1,454.9	6,895.0	8,919.5
150076	1,906.3	6,745.0	8,919.5
150080	1,536.8	6,895.0	8,918.6
150081	1,452.4	6,895.0	8,919.5
150082	1,531.1	6,895.0	8,858.8
150083	1,368.9	6,895.0	8,519.5
150084	1,616.3	6,895.0	8,919.5
150085	1,447.5	6,895.0	8,839.5
150086	2,268.4	6,895.0	8,919.5
150087	1,366.4	6,895.0	8,519.5
150088	1,607.3	6,895.0	8,919.5
150089	1,729.3	6,745.0	8,919.5
150090	1,441.8	6,745.0	8,919.5
150091	1,397.6	6,895.0	8,919.5
150092	1,427.0	6,895.0	8,919.5
150093	895.4	6,895.0	8,839.5
150094	957.6	6,745.0	8,839.5
150095	1,736.7	6,745.0	8,919.5
150096	2,016.9	6,745.0	8,919.5
150097	2,027.5	6,895.0	8,919.5
150098	769.2	6,895.0	8,359.5
150099	1,028.9	6,895.0	8,919.5
150100	628.3	6,895.0	8,359.5
150101	1,314.0	6,895.0	8,677.8
150102	623.4	6,895.0	8,359.5
